  [1m[35m (0.5ms)[0m  [1m[34mSELECT sqlite_version(*)[0m
  ↳ /usr/local/bin/rake:22
  [1m[35m (1.9ms)[0m  [1m[35mCREATE TABLE "schema_migrations" ("version" varchar NOT NULL PRIMARY KEY)[0m
  ↳ /usr/local/bin/rake:22
  [1m[35m (1.4ms)[0m  [1m[35mCREATE TABLE "ar_internal_metadata" ("key" varchar NOT NULL PRIMARY KEY, "value" varchar, "created_at" datetime NOT NULL, "updated_at" datetime NOT NULL)[0m
  ↳ /usr/local/bin/rake:22
  [1m[35m (0.1ms)[0m  [1m[34mSELECT "schema_migrations"."version" FROM "schema_migrations" ORDER BY "schema_migrations"."version" ASC[0m
  ↳ /usr/local/bin/rake:22
Migrating to CreateItems (20190513095118)
  [1m[35m (0.0ms)[0m  [1m[36mbegin transaction[0m
  ↳ /usr/local/bin/rake:22
  [1m[35m (0.4ms)[0m  [1m[35mCREATE TABLE "items" ("id" integer PRIMARY KEY AUTOINCREMENT NOT NULL, "item" varchar, "created_at" datetime NOT NULL, "updated_at" datetime NOT NULL)[0m
  ↳ db/migrate/20190513095118_create_items.rb:3
  [1m[36mActiveRecord::SchemaMigration Create (0.1ms)[0m  [1m[32mINSERT INTO "schema_migrations" ("version") VALUES (?)[0m  [["version", "20190513095118"]]
  ↳ /usr/local/bin/rake:22
  [1m[35m (1.7ms)[0m  [1m[36mcommit transaction[0m
  ↳ /usr/local/bin/rake:22
  [1m[36mActiveRecord::InternalMetadata Load (0.2ms)[0m  [1m[34mSELECT  "ar_internal_metadata".* FROM "ar_internal_metadata" WHERE "ar_internal_metadata"."key" = ? LIMIT ?[0m  [["key", "environment"], ["LIMIT", 1]]
  ↳ /usr/local/bin/rake:22
  [1m[35m (0.0ms)[0m  [1m[36mbegin transaction[0m
  ↳ /usr/local/bin/rake:22
  [1m[36mActiveRecord::InternalMetadata Create (0.3ms)[0m  [1m[32mINSERT INTO "ar_internal_metadata" ("key", "value", "created_at", "updated_at") VALUES (?, ?, ?, ?)[0m  [["key", "environment"], ["value", "development"], ["created_at", "2019-05-13 09:51:26.617176"], ["updated_at", "2019-05-13 09:51:26.617176"]]
  ↳ /usr/local/bin/rake:22
  [1m[35m (1.5ms)[0m  [1m[36mcommit transaction[0m
  ↳ /usr/local/bin/rake:22
  [1m[35m (0.1ms)[0m  [1m[34mSELECT "schema_migrations"."version" FROM "schema_migrations" ORDER BY "schema_migrations"."version" ASC[0m
  ↳ /usr/local/bin/rake:22
Started GET "/" for ::1 at 2019-05-13 11:54:18 +0200
  [1m[35m (0.6ms)[0m  [1m[34mSELECT "schema_migrations"."version" FROM "schema_migrations" ORDER BY "schema_migrations"."version" ASC[0m
  ↳ /Library/Ruby/Gems/2.3.0/gems/activerecord-5.2.3/lib/active_record/log_subscriber.rb:98
Processing by Rails::WelcomeController#index as HTML
  Rendering /Library/Ruby/Gems/2.3.0/gems/railties-5.2.3/lib/rails/templates/rails/welcome/index.html.erb
  Rendered /Library/Ruby/Gems/2.3.0/gems/railties-5.2.3/lib/rails/templates/rails/welcome/index.html.erb (4.8ms)
Completed 200 OK in 42ms (Views: 13.2ms | ActiveRecord: 0.0ms)


Started GET "/items" for ::1 at 2019-05-13 11:54:28 +0200
Processing by ItemsController#index as HTML
  Rendering items/index.html.erb within layouts/application
  [1m[36mItem Load (0.7ms)[0m  [1m[34mSELECT "items".* FROM "items"[0m
  ↳ app/views/items/index.html.erb:14
  Rendered items/index.html.erb within layouts/application (5.2ms)
Completed 200 OK in 758ms (Views: 742.6ms | ActiveRecord: 1.2ms)


Started GET "/items/new" for ::1 at 2019-05-13 11:54:40 +0200
Processing by ItemsController#new as HTML
  Rendering items/new.html.erb within layouts/application
  Rendered items/_form.html.erb (52.1ms)
  Rendered items/new.html.erb within layouts/application (57.8ms)
Completed 200 OK in 113ms (Views: 93.0ms | ActiveRecord: 0.8ms)


Started POST "/items" for ::1 at 2019-05-13 11:54:44 +0200
Processing by ItemsController#create as HTML
  Parameters: {"utf8"=>"✓", "authenticity_token"=>"5keu724zcz4MdAd9yXbJjD+ELBcpkG26pwVqTL94LZWMWeVLkDzIiA+uxvcJqnZgtFwu1BUsCNqKYFGW8Sh+aA==", "item"=>{"item"=>"test item"}, "commit"=>"Create Item"}
  [1m[35m (0.1ms)[0m  [1m[36mbegin transaction[0m
  ↳ app/controllers/items_controller.rb:30
  [1m[36mItem Create (1.4ms)[0m  [1m[32mINSERT INTO "items" ("item", "created_at", "updated_at") VALUES (?, ?, ?)[0m  [["item", "test item"], ["created_at", "2019-05-13 09:54:44.274886"], ["updated_at", "2019-05-13 09:54:44.274886"]]
  ↳ app/controllers/items_controller.rb:30
  [1m[35m (0.8ms)[0m  [1m[36mcommit transaction[0m
  ↳ app/controllers/items_controller.rb:30
Redirected to http://localhost:3000/items/1
Completed 302 Found in 11ms (ActiveRecord: 2.3ms)


Started GET "/items/1" for ::1 at 2019-05-13 11:54:44 +0200
Processing by ItemsController#show as HTML
  Parameters: {"id"=>"1"}
  [1m[36mItem Load (0.6ms)[0m  [1m[34mSELECT  "items".* FROM "items" WHERE "items"."id" = ? LIMIT ?[0m  [["id", 1], ["LIMIT", 1]]
  ↳ app/controllers/items_controller.rb:67
  Rendering items/show.html.erb within layouts/application
  Rendered items/show.html.erb within layouts/application (0.8ms)
Completed 200 OK in 51ms (Views: 38.3ms | ActiveRecord: 0.6ms)


Started GET "/items" for ::1 at 2019-05-13 11:54:49 +0200
Processing by ItemsController#index as HTML
  Rendering items/index.html.erb within layouts/application
  [1m[36mItem Load (0.3ms)[0m  [1m[34mSELECT "items".* FROM "items"[0m
  ↳ app/views/items/index.html.erb:14
  Rendered items/index.html.erb within layouts/application (5.2ms)
Completed 200 OK in 65ms (Views: 60.1ms | ActiveRecord: 0.3ms)


Started GET "/items" for ::1 at 2019-05-13 11:56:04 +0200
Processing by ItemsController#index as HTML
  Rendering items/index.html.erb within layouts/application
  [1m[36mItem Load (0.2ms)[0m  [1m[34mSELECT "items".* FROM "items"[0m
  ↳ app/views/items/index.html.erb:14
  Rendered items/index.html.erb within layouts/application (7.3ms)
Completed 200 OK in 43ms (Views: 36.3ms | ActiveRecord: 1.0ms)


Started GET "/" for ::1 at 2019-05-13 11:56:06 +0200
Processing by ItemsController#index as HTML
  Rendering items/index.html.erb within layouts/application
  [1m[36mItem Load (0.1ms)[0m  [1m[34mSELECT "items".* FROM "items"[0m
  ↳ app/views/items/index.html.erb:14
  Rendered items/index.html.erb within layouts/application (2.3ms)
Completed 200 OK in 30ms (Views: 25.7ms | ActiveRecord: 0.1ms)


Started GET "/" for ::1 at 2019-05-13 11:56:08 +0200
Processing by ItemsController#index as HTML
  Rendering items/index.html.erb within layouts/application
  [1m[36mItem Load (0.1ms)[0m  [1m[34mSELECT "items".* FROM "items"[0m
  ↳ app/views/items/index.html.erb:14
  Rendered items/index.html.erb within layouts/application (1.9ms)
Completed 200 OK in 28ms (Views: 24.7ms | ActiveRecord: 0.1ms)


Started GET "/" for ::1 at 2019-05-13 11:57:01 +0200
Processing by ItemsController#index as HTML
  Rendering items/index.html.erb within layouts/application
  [1m[36mItem Load (0.3ms)[0m  [1m[34mSELECT "items".* FROM "items"[0m
  ↳ app/views/items/index.html.erb:14
  Rendered items/index.html.erb within layouts/application (7.4ms)
Completed 200 OK in 37ms (Views: 30.8ms | ActiveRecord: 0.9ms)


Started GET "/items/new" for ::1 at 2019-05-13 11:57:03 +0200
Processing by ItemsController#new as HTML
  Rendering items/new.html.erb within layouts/application
  Rendered items/_form.html.erb (3.3ms)
  Rendered items/new.html.erb within layouts/application (7.9ms)
Completed 200 OK in 39ms (Views: 33.8ms | ActiveRecord: 0.0ms)


Started POST "/items" for ::1 at 2019-05-13 11:57:09 +0200
Processing by ItemsController#create as HTML
  Parameters: {"utf8"=>"✓", "authenticity_token"=>"SwV+8Pf0eg93OrxcJlnQRqyISLlQHDHCkVcWnax0Ed0hGzVUCfvBuXTgfdbmhW+qJ1BKemygVKK8Mi1H4iRCIA==", "item"=>{"item"=>"test itemss"}, "commit"=>"Create Item"}
  [1m[35m (0.1ms)[0m  [1m[36mbegin transaction[0m
  ↳ app/controllers/items_controller.rb:30
  [1m[36mItem Create (0.6ms)[0m  [1m[32mINSERT INTO "items" ("item", "created_at", "updated_at") VALUES (?, ?, ?)[0m  [["item", "test itemss"], ["created_at", "2019-05-13 09:57:09.804635"], ["updated_at", "2019-05-13 09:57:09.804635"]]
  ↳ app/controllers/items_controller.rb:30
  [1m[35m (2.6ms)[0m  [1m[36mcommit transaction[0m
  ↳ app/controllers/items_controller.rb:30
Redirected to http://localhost:3000/
Completed 302 Found in 8ms (ActiveRecord: 3.3ms)


Started GET "/" for ::1 at 2019-05-13 11:57:09 +0200
Processing by ItemsController#index as HTML
  Rendering items/index.html.erb within layouts/application
  [1m[36mItem Load (0.2ms)[0m  [1m[34mSELECT "items".* FROM "items"[0m
  ↳ app/views/items/index.html.erb:14
  Rendered items/index.html.erb within layouts/application (2.3ms)
Completed 200 OK in 25ms (Views: 22.0ms | ActiveRecord: 0.2ms)


Started GET "/" for ::1 at 2019-05-13 13:51:23 +0200
  [1m[35m (0.5ms)[0m  [1m[34mSELECT "schema_migrations"."version" FROM "schema_migrations" ORDER BY "schema_migrations"."version" ASC[0m
  ↳ /Library/Ruby/Gems/2.3.0/gems/activerecord-5.2.3/lib/active_record/log_subscriber.rb:98
Processing by ItemsController#index as HTML
  Rendering items/index.html.erb within layouts/application
  [1m[36mItem Load (0.6ms)[0m  [1m[34mSELECT "items".* FROM "items"[0m
  ↳ app/views/items/index.html.erb:5
  Rendered items/index.html.erb within layouts/application (10.3ms)
Completed 200 OK in 304ms (Views: 272.7ms | ActiveRecord: 1.6ms)


Started GET "/items/new" for ::1 at 2019-05-13 13:51:30 +0200
Processing by ItemsController#new as HTML
  Rendering items/new.html.erb within layouts/application
  Rendered items/_form.html.erb (13.5ms)
  Rendered items/new.html.erb within layouts/application (18.0ms)
Completed 200 OK in 47ms (Views: 41.0ms | ActiveRecord: 0.0ms)


Started POST "/items" for ::1 at 2019-05-13 13:51:33 +0200
Processing by ItemsController#create as HTML
  Parameters: {"utf8"=>"✓", "authenticity_token"=>"hru18GiL0FerSJfAiP/HmrZu5aCADqgPv1ymUp6Ri2zspf5UloRr4aiSVkpII3h2PbbnY7yyzW+SOZ2I0MHYkQ==", "item"=>{"item"=>"efjoefzdjonez"}, "commit"=>"Submit"}
  [1m[35m (0.2ms)[0m  [1m[36mbegin transaction[0m
  ↳ app/controllers/items_controller.rb:30
  [1m[36mItem Create (1.0ms)[0m  [1m[32mINSERT INTO "items" ("item", "created_at", "updated_at") VALUES (?, ?, ?)[0m  [["item", "efjoefzdjonez"], ["created_at", "2019-05-13 11:51:33.573556"], ["updated_at", "2019-05-13 11:51:33.573556"]]
  ↳ app/controllers/items_controller.rb:30
  [1m[35m (1.5ms)[0m  [1m[36mcommit transaction[0m
  ↳ app/controllers/items_controller.rb:30
Redirected to http://localhost:3000/
Completed 302 Found in 9ms (ActiveRecord: 2.8ms)


Started GET "/" for ::1 at 2019-05-13 13:51:33 +0200
Processing by ItemsController#index as HTML
  Rendering items/index.html.erb within layouts/application
  [1m[36mItem Load (0.2ms)[0m  [1m[34mSELECT "items".* FROM "items"[0m
  ↳ app/views/items/index.html.erb:5
  Rendered items/index.html.erb within layouts/application (2.3ms)
Completed 200 OK in 29ms (Views: 25.7ms | ActiveRecord: 0.2ms)


Started GET "/" for ::1 at 2019-05-13 13:52:38 +0200
Processing by ItemsController#index as HTML
  Rendering items/index.html.erb within layouts/application
  [1m[36mItem Load (0.1ms)[0m  [1m[34mSELECT "items".* FROM "items"[0m
  ↳ app/views/items/index.html.erb:5
  Rendered items/index.html.erb within layouts/application (2.1ms)
Completed 200 OK in 22ms (Views: 18.4ms | ActiveRecord: 0.1ms)


Started GET "/" for ::1 at 2019-05-13 13:52:40 +0200
Processing by ItemsController#index as HTML
  Rendering items/index.html.erb within layouts/application
  [1m[36mItem Load (0.2ms)[0m  [1m[34mSELECT "items".* FROM "items"[0m
  ↳ app/views/items/index.html.erb:5
  Rendered items/index.html.erb within layouts/application (2.4ms)
Completed 200 OK in 26ms (Views: 21.3ms | ActiveRecord: 0.2ms)


Started GET "/" for ::1 at 2019-05-13 13:53:57 +0200
Processing by ItemsController#index as HTML
  Rendering items/index.html.erb within layouts/application
  [1m[36mItem Load (0.1ms)[0m  [1m[34mSELECT "items".* FROM "items"[0m
  ↳ app/views/items/index.html.erb:5
  Rendered items/index.html.erb within layouts/application (2.7ms)
Completed 200 OK in 30ms (Views: 27.6ms | ActiveRecord: 0.1ms)


Started GET "/%3Clink%20href=" for ::1 at 2019-05-13 13:53:57 +0200
  
ActionController::RoutingError (No route matches [GET] "/%3Clink%20href="):
  
actionpack (5.2.3) lib/action_dispatch/middleware/debug_exceptions.rb:65:in `call'
web-console (3.7.0) lib/web_console/middleware.rb:135:in `call_app'
web-console (3.7.0) lib/web_console/middleware.rb:30:in `block in call'
web-console (3.7.0) lib/web_console/middleware.rb:20:in `catch'
web-console (3.7.0) lib/web_console/middleware.rb:20:in `call'
actionpack (5.2.3) lib/action_dispatch/middleware/show_exceptions.rb:33:in `call'
railties (5.2.3) lib/rails/rack/logger.rb:38:in `call_app'
railties (5.2.3) lib/rails/rack/logger.rb:26:in `block in call'
activesupport (5.2.3) lib/active_support/tagged_logging.rb:71:in `block in tagged'
activesupport (5.2.3) lib/active_support/tagged_logging.rb:28:in `tagged'
activesupport (5.2.3) lib/active_support/tagged_logging.rb:71:in `tagged'
railties (5.2.3) lib/rails/rack/logger.rb:26:in `call'
sprockets-rails (3.2.1) lib/sprockets/rails/quiet_assets.rb:13:in `call'
actionpack (5.2.3) lib/action_dispatch/middleware/remote_ip.rb:81:in `call'
actionpack (5.2.3) lib/action_dispatch/middleware/request_id.rb:27:in `call'
rack (2.0.7) lib/rack/method_override.rb:22:in `call'
rack (2.0.7) lib/rack/runtime.rb:22:in `call'
activesupport (5.2.3) lib/active_support/cache/strategy/local_cache_middleware.rb:29:in `call'
actionpack (5.2.3) lib/action_dispatch/middleware/executor.rb:14:in `call'
actionpack (5.2.3) lib/action_dispatch/middleware/static.rb:127:in `call'
rack (2.0.7) lib/rack/sendfile.rb:111:in `call'
railties (5.2.3) lib/rails/engine.rb:524:in `call'
puma (3.12.1) lib/puma/configuration.rb:227:in `call'
puma (3.12.1) lib/puma/server.rb:660:in `handle_request'
puma (3.12.1) lib/puma/server.rb:474:in `process_client'
puma (3.12.1) lib/puma/server.rb:334:in `block in run'
puma (3.12.1) lib/puma/thread_pool.rb:135:in `block in spawn_thread'
Started GET "/" for ::1 at 2019-05-13 13:55:33 +0200
Processing by ItemsController#index as HTML
  Rendering items/index.html.erb within layouts/application
  [1m[36mItem Load (0.2ms)[0m  [1m[34mSELECT "items".* FROM "items"[0m
  ↳ app/views/items/index.html.erb:5
  Rendered items/index.html.erb within layouts/application (2.0ms)
Completed 200 OK in 39ms (Views: 36.1ms | ActiveRecord: 0.2ms)


Started DELETE "/items/1" for ::1 at 2019-05-13 13:55:42 +0200
Processing by ItemsController#destroy as HTML
  Parameters: {"authenticity_token"=>"uX4EVtNdo9qNo0wgZHlGaOvhOtDgXQjjfZRZkQnmh2gCVkVk192E8+t4OhaYNNZeNCYbnkeOeRKDffFdJrhzsw==", "id"=>"1"}
  [1m[36mItem Load (0.2ms)[0m  [1m[34mSELECT  "items".* FROM "items" WHERE "items"."id" = ? LIMIT ?[0m  [["id", 1], ["LIMIT", 1]]
  ↳ app/controllers/items_controller.rb:67
  [1m[35m (0.0ms)[0m  [1m[36mbegin transaction[0m
  ↳ app/controllers/items_controller.rb:57
  [1m[36mItem Destroy (1.0ms)[0m  [1m[31mDELETE FROM "items" WHERE "items"."id" = ?[0m  [["id", 1]]
  ↳ app/controllers/items_controller.rb:57
  [1m[35m (0.9ms)[0m  [1m[36mcommit transaction[0m
  ↳ app/controllers/items_controller.rb:57
Redirected to http://localhost:3000/items
Completed 302 Found in 24ms (ActiveRecord: 2.1ms)


Started GET "/items" for ::1 at 2019-05-13 13:55:42 +0200
Processing by ItemsController#index as HTML
  Rendering items/index.html.erb within layouts/application
  [1m[36mItem Load (0.1ms)[0m  [1m[34mSELECT "items".* FROM "items"[0m
  ↳ app/views/items/index.html.erb:5
  Rendered items/index.html.erb within layouts/application (2.0ms)
Completed 200 OK in 30ms (Views: 26.3ms | ActiveRecord: 0.1ms)


Started GET "/items" for ::1 at 2019-05-13 13:56:44 +0200
Processing by ItemsController#index as HTML
  Rendering items/index.html.erb within layouts/application
  [1m[36mItem Load (0.2ms)[0m  [1m[34mSELECT "items".* FROM "items"[0m
  ↳ app/views/items/index.html.erb:5
  Rendered items/index.html.erb within layouts/application (3.2ms)
Completed 200 OK in 29ms (Views: 25.0ms | ActiveRecord: 0.2ms)


Started GET "/items" for ::1 at 2019-05-13 13:58:13 +0200
Processing by ItemsController#index as HTML
  Rendering items/index.html.erb within layouts/application
  [1m[36mItem Load (0.2ms)[0m  [1m[34mSELECT "items".* FROM "items"[0m
  ↳ app/views/items/index.html.erb:5
  Rendered items/index.html.erb within layouts/application (2.5ms)
Completed 200 OK in 25ms (Views: 23.1ms | ActiveRecord: 0.2ms)


Started GET "/items" for ::1 at 2019-05-13 13:58:56 +0200
Processing by ItemsController#index as HTML
  Rendering items/index.html.erb within layouts/application
  [1m[36mItem Load (0.1ms)[0m  [1m[34mSELECT "items".* FROM "items"[0m
  ↳ app/views/items/index.html.erb:5
  Rendered items/index.html.erb within layouts/application (2.1ms)
Completed 200 OK in 27ms (Views: 24.4ms | ActiveRecord: 0.1ms)


Started GET "/items" for ::1 at 2019-05-13 14:00:28 +0200
Processing by ItemsController#index as HTML
  Rendering items/index.html.erb within layouts/application
  [1m[36mItem Load (0.1ms)[0m  [1m[34mSELECT "items".* FROM "items"[0m
  ↳ app/views/items/index.html.erb:5
  Rendered items/index.html.erb within layouts/application (2.3ms)
Completed 200 OK in 22ms (Views: 18.1ms | ActiveRecord: 0.1ms)


Started GET "/items" for ::1 at 2019-05-13 14:00:29 +0200
Processing by ItemsController#index as HTML
  Rendering items/index.html.erb within layouts/application
  [1m[36mItem Load (0.4ms)[0m  [1m[34mSELECT "items".* FROM "items"[0m
  ↳ app/views/items/index.html.erb:5
  Rendered items/index.html.erb within layouts/application (3.1ms)
Completed 200 OK in 35ms (Views: 31.2ms | ActiveRecord: 0.4ms)


Started GET "/items" for ::1 at 2019-05-13 14:00:39 +0200
Processing by ItemsController#index as HTML
  Rendering items/index.html.erb within layouts/application
  [1m[36mItem Load (0.2ms)[0m  [1m[34mSELECT "items".* FROM "items"[0m
  ↳ app/views/items/index.html.erb:5
  Rendered items/index.html.erb within layouts/application (3.4ms)
Completed 200 OK in 27ms (Views: 24.0ms | ActiveRecord: 0.2ms)


Started GET "/items" for ::1 at 2019-05-13 14:01:12 +0200
Processing by ItemsController#index as HTML
  Rendering items/index.html.erb within layouts/application
  [1m[36mItem Load (0.1ms)[0m  [1m[34mSELECT "items".* FROM "items"[0m
  ↳ app/views/items/index.html.erb:5
  Rendered items/index.html.erb within layouts/application (2.2ms)
Completed 200 OK in 27ms (Views: 24.4ms | ActiveRecord: 0.1ms)


Started GET "/items" for ::1 at 2019-05-13 14:01:31 +0200
Processing by ItemsController#index as HTML
  Rendering items/index.html.erb within layouts/application
  [1m[36mItem Load (0.1ms)[0m  [1m[34mSELECT "items".* FROM "items"[0m
  ↳ app/views/items/index.html.erb:5
  Rendered items/index.html.erb within layouts/application (1.7ms)
Completed 200 OK in 23ms (Views: 19.7ms | ActiveRecord: 0.1ms)


Started GET "/items/2/edit" for ::1 at 2019-05-13 14:01:40 +0200
Processing by ItemsController#edit as HTML
  Parameters: {"id"=>"2"}
  [1m[36mItem Load (0.5ms)[0m  [1m[34mSELECT  "items".* FROM "items" WHERE "items"."id" = ? LIMIT ?[0m  [["id", 2], ["LIMIT", 1]]
  ↳ app/controllers/items_controller.rb:67
  Rendering items/edit.html.erb within layouts/application
  Rendered items/_form.html.erb (1.7ms)
  Rendered items/edit.html.erb within layouts/application (5.8ms)
Completed 200 OK in 39ms (Views: 31.9ms | ActiveRecord: 0.5ms)


Started PATCH "/items/2" for ::1 at 2019-05-13 14:01:42 +0200
Processing by ItemsController#update as HTML
  Parameters: {"utf8"=>"✓", "authenticity_token"=>"NlMLB+HRMOXpCayxEGQuid5pyAPSKB9HLQKD3aRXSGC9443u8gSf3Zircu1RoP0qXx1sfG1Dln5L8G3+3sjL5g==", "item"=>{"item"=>"test items"}, "commit"=>"Submit", "id"=>"2"}
  [1m[36mItem Load (0.1ms)[0m  [1m[34mSELECT  "items".* FROM "items" WHERE "items"."id" = ? LIMIT ?[0m  [["id", 2], ["LIMIT", 1]]
  ↳ app/controllers/items_controller.rb:67
  [1m[35m (0.1ms)[0m  [1m[36mbegin transaction[0m
  ↳ app/controllers/items_controller.rb:44
  [1m[36mItem Update (0.5ms)[0m  [1m[33mUPDATE "items" SET "item" = ?, "updated_at" = ? WHERE "items"."id" = ?[0m  [["item", "test items"], ["updated_at", "2019-05-13 12:01:42.137184"], ["id", 2]]
  ↳ app/controllers/items_controller.rb:44
  [1m[35m (1.4ms)[0m  [1m[36mcommit transaction[0m
  ↳ app/controllers/items_controller.rb:44
Redirected to http://localhost:3000/
Completed 302 Found in 9ms (ActiveRecord: 2.1ms)


Started GET "/" for ::1 at 2019-05-13 14:01:42 +0200
Processing by ItemsController#index as HTML
  Rendering items/index.html.erb within layouts/application
  [1m[36mItem Load (0.1ms)[0m  [1m[34mSELECT "items".* FROM "items"[0m
  ↳ app/views/items/index.html.erb:5
  Rendered items/index.html.erb within layouts/application (1.7ms)
Completed 200 OK in 21ms (Views: 17.5ms | ActiveRecord: 0.1ms)


